[{"line":1,"elements":[{"start_timestamp":"2023-06-08T14:52:29.907Z","before":[{"result":{"duration":14341000000,"status":"passed"},"match":{"location":"hooks.WebDriverHooks.initializeAndroidDriver()"}}],"line":3,"name":"Login with wrong password","description":"","id":"login-feature;login-with-wrong-password","after":[{"result":{"duration":594000000,"status":"passed"},"match":{"location":"hooks.WebDriverHooks.quitAndroidDriver()"}}],"type":"scenario","keyword":"Scenario","steps":[{"result":{"duration":1479000000,"status":"passed"},"line":4,"name":"User click entry point login","match":{"location":"step_definitions.LoginSteps.<init>(LoginSteps.java:11)"},"keyword":"Given "},{"result":{"duration":679000000,"status":"passed"},"line":5,"name":"User input username \"dika\"","match":{"arguments":[{"val":"\"dika\"","offset":20}],"location":"step_definitions.LoginSteps.<init>(LoginSteps.java:13)"},"keyword":"When "},{"result":{"error_message":"org.openqa.selenium.NoSuchElementException: An element could not be located on the page using the given search parameters.\nFor documentation on this error, please visit: https://www.seleniumhq.org/exceptions/no_such_element.html\nBuild info: version: '3.141.59', revision: 'e82be7d358', time: '2018-11-14T08:17:03'\nSystem info: host: 'AP00028-MP', ip: 'fe80:0:0:0:7b:5897:1af2:ccc4%en0', os.name: 'Mac OS X', os.arch: 'aarch64', os.version: '13.4', java.version: '1.8.0_312'\nDriver info: io.appium.java_client.android.AndroidDriver\nCapabilities {app: /Users/fransiskusandikaseti..., appPackage: com.stockbit.android, appWaitActivity: *, databaseEnabled: false, desired: {app: /Users/fransiskusandikaseti..., appWaitActivity: *, deviceName: emulator-5554, platformName: android, platformVersion: 12.0}, deviceApiLevel: 32, deviceManufacturer: Google, deviceModel: sdk_gphone64_arm64, deviceName: emulator-5554, deviceScreenDensity: 440, deviceScreenSize: 1080x2280, deviceUDID: emulator-5554, javascriptEnabled: true, locationContextEnabled: false, networkConnectionEnabled: true, pixelRatio: 2.75, platform: LINUX, platformName: Android, platformVersion: 12, statBarHeight: 66, takesScreenshot: true, viewportRect: {height: 2170, left: 0, top: 66, width: 1080}, warnings: {}, webStorageEnabled: false}\nSession ID: 75bd82f4-61db-4745-b09b-a5c5d7e9d254\n*** Element info: {Using=xpath, value=(//android.widget.EditText[contains(@resource-id, 'tiet_text_field_input')])[10]}\n\tat sun.reflect.NativeConstructorAccessorImpl.newInstance0(Native Method)\n\tat sun.reflect.NativeConstructorAccessorImpl.newInstance(NativeConstructorAccessorImpl.java:62)\n\tat sun.reflect.DelegatingConstructorAccessorImpl.newInstance(DelegatingConstructorAccessorImpl.java:45)\n\tat java.lang.reflect.Constructor.newInstance(Constructor.java:423)\n\tat org.openqa.selenium.remote.http.W3CHttpResponseCodec.createException(W3CHttpResponseCodec.java:187)\n\tat org.openqa.selenium.remote.http.W3CHttpResponseCodec.decode(W3CHttpResponseCodec.java:122)\n\tat org.openqa.selenium.remote.http.W3CHttpResponseCodec.decode(W3CHttpResponseCodec.java:49)\n\tat org.openqa.selenium.remote.HttpCommandExecutor.execute(HttpCommandExecutor.java:158)\n\tat io.appium.java_client.remote.AppiumCommandExecutor.execute(AppiumCommandExecutor.java:247)\n\tat org.openqa.selenium.remote.RemoteWebDriver.execute(RemoteWebDriver.java:552)\n\tat io.appium.java_client.DefaultGenericMobileDriver.execute(DefaultGenericMobileDriver.java:41)\n\tat io.appium.java_client.AppiumDriver.execute(AppiumDriver.java:1)\n\tat io.appium.java_client.android.AndroidDriver.execute(AndroidDriver.java:1)\n\tat org.openqa.selenium.remote.RemoteWebDriver.findElement(RemoteWebDriver.java:323)\n\tat io.appium.java_client.DefaultGenericMobileDriver.findElement(DefaultGenericMobileDriver.java:61)\n\tat io.appium.java_client.AppiumDriver.findElement(AppiumDriver.java:1)\n\tat io.appium.java_client.android.AndroidDriver.findElement(AndroidDriver.java:1)\n\tat org.openqa.selenium.remote.RemoteWebDriver.findElementByXPath(RemoteWebDriver.java:428)\n\tat io.appium.java_client.DefaultGenericMobileDriver.findElementByXPath(DefaultGenericMobileDriver.java:151)\n\tat io.appium.java_client.AppiumDriver.findElementByXPath(AppiumDriver.java:1)\n\tat io.appium.java_client.android.AndroidDriver.findElementByXPath(AndroidDriver.java:1)\n\tat org.openqa.selenium.By$ByXPath.findElement(By.java:353)\n\tat org.openqa.selenium.remote.RemoteWebDriver.findElement(RemoteWebDriver.java:315)\n\tat io.appium.java_client.DefaultGenericMobileDriver.findElement(DefaultGenericMobileDriver.java:57)\n\tat io.appium.java_client.AppiumDriver.findElement(AppiumDriver.java:1)\n\tat io.appium.java_client.android.AndroidDriver.findElement(AndroidDriver.java:1)\n\tat stockbit.test.base.BasePageObject.inputText(BasePageObject.java:14)\n\tat stockbit.test.page_object.LoginPage.inputPassword(LoginPage.java:18)\n\tat step_definitions.LoginSteps.lambda$new$2(LoginSteps.java:15)\n\tat ✽.User input password \"stockbit2\"(file:///Users/fransiskusandikasetiawan/Documents/mywork/bootcamp/src/test/resources/features/Login.feature:6)\n","duration":15149000000,"status":"failed"},"line":6,"name":"User input password \"stockbit2\"","match":{"arguments":[{"val":"\"stockbit2\"","offset":20}],"location":"step_definitions.LoginSteps.<init>(LoginSteps.java:15)"},"keyword":"And "},{"result":{"status":"skipped"},"line":7,"name":"User click login button","match":{"location":"step_definitions.LoginSteps.<init>(LoginSteps.java:17)"},"keyword":"And "}]},{"start_timestamp":"2023-06-08T14:53:02.181Z","before":[{"result":{"duration":10168000000,"status":"passed"},"match":{"location":"hooks.WebDriverHooks.initializeAndroidDriver()"}}],"line":9,"name":"Login with wrong password 1","description":"","id":"login-feature;login-with-wrong-password-1","after":[{"result":{"duration":982000000,"status":"passed"},"match":{"location":"hooks.WebDriverHooks.quitAndroidDriver()"}}],"type":"scenario","keyword":"Scenario","steps":[{"result":{"duration":572000000,"status":"passed"},"line":10,"name":"User click entry point login","match":{"location":"step_definitions.LoginSteps.<init>(LoginSteps.java:11)"},"keyword":"Given "},{"result":{"duration":1584000000,"status":"passed"},"line":11,"name":"User input username \"dika\"","match":{"arguments":[{"val":"\"dika\"","offset":20}],"location":"step_definitions.LoginSteps.<init>(LoginSteps.java:13)"},"keyword":"When "},{"result":{"error_message":"org.openqa.selenium.NoSuchElementException: An element could not be located on the page using the given search parameters.\nFor documentation on this error, please visit: https://www.seleniumhq.org/exceptions/no_such_element.html\nBuild info: version: '3.141.59', revision: 'e82be7d358', time: '2018-11-14T08:17:03'\nSystem info: host: 'AP00028-MP', ip: 'fe80:0:0:0:7b:5897:1af2:ccc4%en0', os.name: 'Mac OS X', os.arch: 'aarch64', os.version: '13.4', java.version: '1.8.0_312'\nDriver info: io.appium.java_client.android.AndroidDriver\nCapabilities {app: /Users/fransiskusandikaseti..., appPackage: com.stockbit.android, appWaitActivity: *, databaseEnabled: false, desired: {app: /Users/fransiskusandikaseti..., appWaitActivity: *, deviceName: emulator-5554, platformName: android, platformVersion: 12.0}, deviceApiLevel: 32, deviceManufacturer: Google, deviceModel: sdk_gphone64_arm64, deviceName: emulator-5554, deviceScreenDensity: 440, deviceScreenSize: 1080x2280, deviceUDID: emulator-5554, javascriptEnabled: true, locationContextEnabled: false, networkConnectionEnabled: true, pixelRatio: 2.75, platform: LINUX, platformName: Android, platformVersion: 12, statBarHeight: 66, takesScreenshot: true, viewportRect: {height: 2170, left: 0, top: 66, width: 1080}, warnings: {}, webStorageEnabled: false}\nSession ID: 8069a808-8000-43d7-a898-789c6017e250\n*** Element info: {Using=xpath, value=(//android.widget.EditText[contains(@resource-id, 'tiet_text_field_input')])[10]}\n\tat sun.reflect.NativeConstructorAccessorImpl.newInstance0(Native Method)\n\tat sun.reflect.NativeConstructorAccessorImpl.newInstance(NativeConstructorAccessorImpl.java:62)\n\tat sun.reflect.DelegatingConstructorAccessorImpl.newInstance(DelegatingConstructorAccessorImpl.java:45)\n\tat java.lang.reflect.Constructor.newInstance(Constructor.java:423)\n\tat org.openqa.selenium.remote.http.W3CHttpResponseCodec.createException(W3CHttpResponseCodec.java:187)\n\tat org.openqa.selenium.remote.http.W3CHttpResponseCodec.decode(W3CHttpResponseCodec.java:122)\n\tat org.openqa.selenium.remote.http.W3CHttpResponseCodec.decode(W3CHttpResponseCodec.java:49)\n\tat org.openqa.selenium.remote.HttpCommandExecutor.execute(HttpCommandExecutor.java:158)\n\tat io.appium.java_client.remote.AppiumCommandExecutor.execute(AppiumCommandExecutor.java:247)\n\tat org.openqa.selenium.remote.RemoteWebDriver.execute(RemoteWebDriver.java:552)\n\tat io.appium.java_client.DefaultGenericMobileDriver.execute(DefaultGenericMobileDriver.java:41)\n\tat io.appium.java_client.AppiumDriver.execute(AppiumDriver.java:1)\n\tat io.appium.java_client.android.AndroidDriver.execute(AndroidDriver.java:1)\n\tat org.openqa.selenium.remote.RemoteWebDriver.findElement(RemoteWebDriver.java:323)\n\tat io.appium.java_client.DefaultGenericMobileDriver.findElement(DefaultGenericMobileDriver.java:61)\n\tat io.appium.java_client.AppiumDriver.findElement(AppiumDriver.java:1)\n\tat io.appium.java_client.android.AndroidDriver.findElement(AndroidDriver.java:1)\n\tat org.openqa.selenium.remote.RemoteWebDriver.findElementByXPath(RemoteWebDriver.java:428)\n\tat io.appium.java_client.DefaultGenericMobileDriver.findElementByXPath(DefaultGenericMobileDriver.java:151)\n\tat io.appium.java_client.AppiumDriver.findElementByXPath(AppiumDriver.java:1)\n\tat io.appium.java_client.android.AndroidDriver.findElementByXPath(AndroidDriver.java:1)\n\tat org.openqa.selenium.By$ByXPath.findElement(By.java:353)\n\tat org.openqa.selenium.remote.RemoteWebDriver.findElement(RemoteWebDriver.java:315)\n\tat io.appium.java_client.DefaultGenericMobileDriver.findElement(DefaultGenericMobileDriver.java:57)\n\tat io.appium.java_client.AppiumDriver.findElement(AppiumDriver.java:1)\n\tat io.appium.java_client.android.AndroidDriver.findElement(AndroidDriver.java:1)\n\tat stockbit.test.base.BasePageObject.inputText(BasePageObject.java:14)\n\tat stockbit.test.page_object.LoginPage.inputPassword(LoginPage.java:18)\n\tat step_definitions.LoginSteps.lambda$new$2(LoginSteps.java:15)\n\tat ✽.User input password \"stockbit2\"(file:///Users/fransiskusandikasetiawan/Documents/mywork/bootcamp/src/test/resources/features/Login.feature:12)\n","duration":15047000000,"status":"failed"},"line":12,"name":"User input password \"stockbit2\"","match":{"arguments":[{"val":"\"stockbit2\"","offset":20}],"location":"step_definitions.LoginSteps.<init>(LoginSteps.java:15)"},"keyword":"And "},{"result":{"duration":1000000,"status":"skipped"},"line":13,"name":"User click login button","match":{"location":"step_definitions.LoginSteps.<init>(LoginSteps.java:17)"},"keyword":"And "}]}],"name":"Login feature","description":"","id":"login-feature","keyword":"Feature","uri":"file:src/test/resources/features/Login.feature","tags":[]}]